#
# There is insufficient memory for the Java Runtime Environment to continue.
# Native memory allocation (malloc) failed to allocate 356336 bytes. Error detail: Chunk::new
# Possible reasons:
#   The system is out of physical RAM or swap space
#   This process is running with CompressedOops enabled, and the Java Heap may be blocking the growth of the native heap
# Possible solutions:
#   Reduce memory load on the system
#   Increase physical memory or swap space
#   Check if swap backing store is full
#   Decrease Java heap size (-Xmx/-Xms)
#
#  Out of Memory Error
#
# ]
V  [jvm.dll+0x8ae341]
V  [jvm.dll+0x8b08be]
V  [jvm.dll+0x8b0fa3]
V  [jvm.dll+0x280c96]
V  [jvm.dll+0xc581d]
V  [jvm.dll+0xc5d53]
V  [jvm.dll+0x3b9162]
V  [jvm.dll+0x385315]
V  [jvm.dll+0x38477a]
V  [jvm.dll+0x248ed0]
V  [jvm.dll+0x2484af]
V  [jvm.dll+0x1c89ee]
V  [jvm.dll+0x257d4d]
V  [jvm.dll+0x2562ea]
V  [jvm.dll+0x3f2d16]
V  [jvm.dll+0x857e6b]
V  [jvm.dll+0x6d0b0d]
C  [ucrtbase.dll+0x29333]
C  [KERNEL32.DLL+0x1259d]
C  [ntdll.dll+0x5af78]


---------------  P R O C E S S  ---------------

Threads class SMR info:
_java_thread_list=0x00000123f0b650e0, length=23, elements={
0x00000123a55edb60, 0x00000123a55eea20, 0x00000123a55f1f10, 0x00000123a55f2960,
0x00000123a55f4310, 0x00000123a55f9e20, 0x00000123a55fbab0, 0x00000123a55ff100,
0x00000123a57623f0, 0x00000123a5765210, 0x00000123a5772950, 0x00000123ed2abf40,
0x00000123ed2ad2f0, 0x00000123f1629c70, 0x00000123efe3fa40, 0x00000123efe43be0,
0x00000123efe44f90, 0x00000123efe3ed20, 0x00000123efe44270, 0x00000123efe41480,
0x00000123efe42ec0, 0x00000123efe44900, 0x00000123efe43550
}

Java Threads: ( => current thread )
  0x00000123a55edb60 JavaThread "Reference Handler"          daemon [_thread_blocked, id=7988, stack(0x0000001b06c00000,0x0000001b06d00000) (1024K)]
  0x00000123a55eea20 JavaThread "Finalizer"                  daemon [_thread_blocked, id=6052, stack(0x0000001b06d00000,0x0000001b06e00000) (1024K)]
  0x00000123a55f1f10 JavaThread "Signal Dispatcher"          daemon [_thread_blocked, id=18964, stack(0x0000001b06e00000,0x0000001b06f00000) (1024K)]
  0x00000123a55f2960 JavaThread "Attach Listener"            daemon [_thread_blocked, id=22260, stack(0x0000001b06f00000,0x0000001b07000000) (1024K)]
  0x00000123a55f4310 JavaThread "Service Thread"             daemon [_thread_blocked, id=14328, stack(0x0000001b07000000,0x0000001b07100000) (1024K)]
  0x00000123a55f9e20 JavaThread "Monitor Deflation Thread"   daemon [_thread_blocked, id=7208, stack(0x0000001b07100000,0x0000001b07200000) (1024K)]
=>0x00000123a55fbab0 JavaThread "C2 CompilerThread0"         daemon [_thread_in_native, id=5840, stack(0x0000001b07200000,0x0000001b07300000) (1024K)]
  0x00000123a55ff100 JavaThread "C1 CompilerThread0"         daemon [_thread_blocked, id=12372, stack(0x0000001b07300000,0x0000001b07400000) (1024K)]
  0x00000123a57623f0 JavaThread "JDWP Event Helper Thread"   daemon [_thread_blocked, id=17936, stack(0x0000001b07500000,0x0000001b07600000) (1024K)]
  0x00000123a5765210 JavaThread "Notification Thread"        daemon [_thread_blocked, id=11156, stack(0x0000001b07700000,0x0000001b07800000) (1024K)]
  0x00000123a5772950 JavaThread "Common-Cleaner"             daemon [_thread_blocked, id=21348, stack(0x0000001b07800000,0x0000001b07900000) (1024K)]
  0x00000123ed2abf40 JavaThread "mysql-cj-abandoned-connection-cleanup" daemon [_thread_blocked, id=16972, stack(0x0000001b08200000,0x0000001b08300000) (1024K)]
  0x00000123ed2ad2f0 JavaThread "Live Reload Server"         daemon [_thread_in_native, id=16624, stack(0x0000001b08700000,0x0000001b08800000) (1024K)]
  0x00000123f1629c70 JavaThread "DestroyJavaVM"                     [_thread_blocked, id=20364, stack(0x0000001b06400000,0x0000001b06500000) (1024K)]
  0x00000123efe3fa40 JavaThread "Thread-31"                         [_thread_blocked, id=13424, stack(0x0000001b06200000,0x0000001b06300000) (1024K)]
  0x00000123efe43be0 JavaThread "File Watcher"               daemon [_thread_blocked, id=5152, stack(0x0000001b06300000,0x0000001b06400000) (1024K)]
  0x00000123efe44f90 JavaThread "File Watcher"               daemon [_thread_blocked, id=18700, stack(0x0000001b07f00000,0x0000001b08000000) (1024K)]
  0x00000123efe3ed20 JavaThread "restartedMain"                     [_thread_in_vm, id=2296, stack(0x0000001b07400000,0x0000001b07500000) (1024K)]
  0x00000123efe44270 JavaThread "Catalina-utility-1"                [_thread_blocked, id=22328, stack(0x0000001b07900000,0x0000001b07a00000) (1024K)]
  0x00000123efe41480 JavaThread "Catalina-utility-2"                [_thread_blocked, id=1820, stack(0x0000001b07d00000,0x0000001b07e00000) (1024K)]
  0x00000123efe42ec0 JavaThread "container-2"                       [_thread_blocked, id=23500, stack(0x0000001b07e00000,0x0000001b07f00000) (1024K)]
  0x00000123efe44900 JavaThread "HikariPool-9:housekeeper"   daemon [_thread_blocked, id=10948, stack(0x0000001b08000000,0x0000001b08100000) (1024K)]
  0x00000123efe43550 JavaThread "HikariPool-9:connection-adder" daemon [_thread_blocked, id=10884, stack(0x0000001b08100000,0x0000001b08200000) (1024K)]
Total: 23

Other Threads:
  0x00000123a55d09b0 VMThread "VM Thread"                           [id=14636, stack(0x0000001b06b00000,0x0000001b06c00000) (1024K)]
  0x00000123a55bbff0 WatcherThread "VM Periodic Task Thread"        [id=8160, stack(0x0000001b06a00000,0x0000001b06b00000) (1024K)]
  0x000001238e84eab0 WorkerThread "GC Thread#0"                     [id=7268, stack(0x0000001b06500000,0x0000001b06600000) (1024K)]
  0x00000123eb498420 WorkerThread "GC Thread#1"                     [id=22972, stack(0x0000001b07a00000,0x0000001b07b00000) (1024K)]
  0x00000123eb4987c0 WorkerThread "GC Thread#2"                     [id=23444, stack(0x0000001b07b00000,0x0000001b07c00000) (1024K)]
  0x00000123eb2eb390 WorkerThread "GC Thread#3"                     [id=23332, stack(0x0000001b07c00000,0x0000001b07d00000) (1024K)]
  0x000001238e85f410 ConcurrentGCThread "G1 Main Marker"            [id=18900, stack(0x0000001b06600000,0x0000001b06700000) (1024K)]
  0x000001238e85ffd0 WorkerThread "G1 Conc#0"                       [id=21884, stack(0x0000001b06700000,0x0000001b06800000) (1024K)]
  0x00000123a548c140 ConcurrentGCThread "G1 Refine#0"               [id=10788, stack(0x0000001b06800000,0x0000001b06900000) (1024K)]
  0x00000123a548ea30 ConcurrentGCThread "G1 Service"                [id=15396, stack(0x0000001b06900000,0x0000001b06a00000) (1024K)]
Total: 10

Threads with active compile tasks:
C2 CompilerThread0  2735361 17173       4       org.hibernate.validator.internal.util.TypeHelper::resolveTypeForClassAndHierarchy (61 bytes)
Total: 1

VM state: not at safepoint (normal execution)

VM Mutex/Monitor currently owned by a thread: None

OutOfMemory and StackOverflow Exception counts:
StackOverflowErrors=1
LinkageErrors=306

Heap address: 0x0000000082c00000, size: 2004 MB, Compressed Oops mode: 32-bit

CDS archive(s) mapped at: [0x00000123a6000000-0x00000123a6ba0000-0x00000123a6ba0000), size 12189696, SharedBaseAddress: 0x00000123a6000000, ArchiveRelocationMode: 1.
Compressed class space mapped at: 0x00000123a7000000-0x00000123e7000000, reserved size: 1073741824
Narrow klass base: 0x00000123a6000000, Narrow klass shift: 0, Narrow klass range: 0x100000000

GC Precious Log:
 CardTable entry size: 512
 Card Set container configuration: InlinePtr #cards 5 size 8 Array Of Cards #cards 12 size 40 Howl #buckets 4 coarsen threshold 1843 Howl Bitmap #cards 512 size 80 coarsen threshold 460 Card regions per heap region 1 cards per card region 2048
 CPUs: 4 total, 4 available
 Memory: 8015M
 Large Page Support: Disabled
 NUMA Support: Disabled
 Compressed Oops: Enabled (32-bit)
 Heap Region Size: 1M
 Heap Min Capacity: 8M
 Heap Initial Capacity: 126M
 Heap Max Capacity: 2004M
 Pre-touch: Disabled
 Parallel Workers: 4
 Concurrent Workers: 1
 Concurrent Refinement Workers: 4
 Periodic GC: Disabled

Heap:
 garbage-first heap   total 87040K, used 47592K [0x0000000082c00000, 0x0000000100000000)
  region size 1024K, 6 young (6144K), 5 survivors (5120K)
 Metaspace       used 96539K, committed 97856K, reserved 1179648K
  class space    used 12648K, committed 13248K, reserved 1048576K

Heap Regions: E=young(eden), S=young(survivor), O=old, HS=humongous(starts), HC=humongous(continues), CS=collection set, F=free, TAMS=top-at-mark-start, PB=parsable bottom
|   0|0x0000000082c00000, 0x0000000082d00000, 0x0000000082d00000|100%|HS|  |TAMS 0x0000000082d00000| PB 0x0000000082c00000| Complete 
|   1|0x0000000082d00000, 0x0000000082e00000, 0x0000000082e00000|100%|HS|  |TAMS 0x0000000082e00000| PB 0x0000000082d00000| Complete 
|   2|0x0000000082e00000, 0x0000000082f00000, 0x0000000082f00000|100%| O|  |TAMS 0x0000000082f00000| PB 0x0000000082e00000| Untracked 
|   3|0x0000000082f00000, 0x0000000083000000, 0x0000000083000000|100%| O|  |TAMS 0x0000000083000000| PB 0x0000000082f00000| Untracked 
|   4|0x0000000083000000, 0x0000000083100000, 0x0000000083100000|100%| O|  |TAMS 0x0000000083100000| PB 0x0000000083000000| Untracked 
|   5|0x0000000083100000, 0x0000000083200000, 0x0000000083200000|100%| O|  |TAMS 0x0000000083200000| PB 0x0000000083100000| Untracked 
|   6|0x0000000083200000, 0x0000000083300000, 0x0000000083300000|100%| O|  |TAMS 0x0000000083300000| PB 0x0000000083200000| Untracked 
|   7|0x0000000083300000, 0x00000000833fffe8, 0x0000000083400000| 99%| O|  |TAMS 0x00000000833fffe8| PB 0x0000000083300000| Untracked 
|   8|0x0000000083400000, 0x00000000834fffe8, 0x0000000083500000| 99%| O|  |TAMS 0x00000000834fffe8| PB 0x0000000083400000| Untracked 
|   9|0x0000000083500000, 0x00000000835fffd0, 0x0000000083600000| 99%| O|  |TAMS 0x00000000835fffd0| PB 0x0000000083500000| Untracked 
|  10|0x0000000083600000, 0x00000000836fffc8, 0x0000000083700000| 99%| O|  |TAMS 0x00000000836fffc8| PB 0x0000000083600000| Untracked 
|  11|0x0000000083700000, 0x00000000837fffe8, 0x0000000083800000| 99%| O|  |TAMS 0x00000000837fffe8| PB 0x0000000083700000| Untracked 
|  12|0x0000000083800000, 0x00000000838ffff8, 0x0000000083900000| 99%| O|  |TAMS 0x00000000838ffff8| PB 0x0000000083800000| Untracked 
|  13|0x0000000083900000, 0x00000000839ffff0, 0x0000000083a00000| 99%| O|  |TAMS 0x00000000839ffff0| PB 0x0000000083900000| Untracked 
|  14|0x0000000083a00000, 0x0000000083affff8, 0x0000000083b00000| 99%| O|  |TAMS 0x0000000083affff8| PB 0x0000000083a00000| Untracked 
|  15|0x0000000083b00000, 0x0000000083c00000, 0x0000000083c00000|100%| O|  |TAMS 0x0000000083c00000| PB 0x0000000083b00000| Untracked 
|  16|0x0000000083c00000, 0x0000000083cffff8, 0x0000000083d00000| 99%| O|  |TAMS 0x0000000083cffff8| PB 0x0000000083c00000| Untracked 
|  17|0x0000000083d00000, 0x0000000083dfffe8, 0x0000000083e00000| 99%| O|  |TAMS 0x0000000083dfffe8| PB 0x0000000083d00000| Untracked 
|  18|0x0000000083e00000, 0x0000000083effff0, 0x0000000083f00000| 99%| O|  |TAMS 0x0000000083effff0| PB 0x0000000083e00000| Untracked 
|  19|0x0000000083f00000, 0x0000000083ffffe0, 0x0000000084000000| 99%| O|  |TAMS 0x0000000083ffffe0| PB 0x0000000083f00000| Untracked 
|  20|0x0000000084000000, 0x00000000840fffe8, 0x0000000084100000| 99%| O|  |TAMS 0x00000000840fffe8| PB 0x0000000084000000| Untracked 
|  21|0x0000000084100000, 0x00000000841fffe0, 0x0000000084200000| 99%| O|  |TAMS 0x00000000841fffe0| PB 0x0000000084100000| Untracked 
|  22|0x0000000084200000, 0x00000000842fff98, 0x0000000084300000| 99%| O|  |TAMS 0x00000000842fff98| PB 0x0000000084200000| Untracked 
|  23|0x0000000084300000, 0x00000000843ffff0, 0x0000000084400000| 99%| O|  |TAMS 0x00000000843ffff0| PB 0x0000000084300000| Untracked 
|  24|0x0000000084400000, 0x00000000844ffff0, 0x0000000084500000| 99%| O|  |TAMS 0x00000000844ffff0| PB 0x0000000084400000| Untracked 
|  25|0x0000000084500000, 0x00000000845fffe0, 0x0000000084600000| 99%| O|  |TAMS 0x00000000845fffe0| PB 0x0000000084500000| Untracked 
|  26|0x0000000084600000, 0x00000000846fffd8, 0x0000000084700000| 99%| O|  |TAMS 0x00000000846fffd8| PB 0x0000000084600000| Untracked 
|  27|0x0000000084700000, 0x0000000084800000, 0x0000000084800000|100%| O|  |TAMS 0x0000000084800000| PB 0x0000000084700000| Untracked 
|  28|0x0000000084800000, 0x0000000084900000, 0x0000000084900000|100%| O|  |TAMS 0x0000000084900000| PB 0x0000000084800000| Untracked 
|  29|0x0000000084900000, 0x00000000849ffe18, 0x0000000084a00000| 99%| O|  |TAMS 0x00000000849ffe18| PB 0x0000000084900000| Untracked 
|  30|0x0000000084a00000, 0x0000000084b00000, 0x0000000084b00000|100%| O|  |TAMS 0x0000000084b00000| PB 0x0000000084a00000| Untracked 
|  31|0x0000000084b00000, 0x0000000084c00000, 0x0000000084c00000|100%| O|  |TAMS 0x0000000084c00000| PB 0x0000000084b00000| Untracked 
|  32|0x0000000084c00000, 0x0000000084cfff98, 0x0000000084d00000| 99%| O|  |TAMS 0x0000000084cfff98| PB 0x0000000084c00000| Untracked 
|  33|0x0000000084d00000, 0x0000000084dfffd8, 0x0000000084e00000| 99%| O|  |TAMS 0x0000000084dfffd8| PB 0x0000000084d00000| Untracked 
|  34|0x0000000084e00000, 0x0000000084f00000, 0x0000000084f00000|100%| O|  |TAMS 0x0000000084f00000| PB 0x0000000084e00000| Untracked 
|  35|0x0000000084f00000, 0x0000000084ffffe8, 0x0000000085000000| 99%| O|  |TAMS 0x0000000084ffffe8| PB 0x0000000084f00000| Untracked 
|  36|0x0000000085000000, 0x0000000085100000, 0x0000000085100000|100%| O|  |TAMS 0x0000000085100000| PB 0x0000000085000000| Untracked 
|  37|0x0000000085100000, 0x00000000851fdda0, 0x0000000085200000| 99%| O|  |TAMS 0x00000000851fdda0| PB 0x0000000085100000| Untracked 
|  38|0x0000000085200000, 0x00000000852d1b58, 0x0000000085300000| 81%| O|  |TAMS 0x00000000852d1b58| PB 0x0000000085200000| Untracked 
|  39|0x0000000085300000, 0x00000000853fffe8, 0x0000000085400000| 99%| O|  |TAMS 0x00000000853fffe8| PB 0x0000000085300000| Untracked 
|  40|0x0000000085400000, 0x0000000085400000, 0x0000000085500000|  0%| F|  |TAMS 0x0000000085400000| PB 0x0000000085400000| Untracked 
|  41|0x0000000085500000, 0x00000000855b08c0, 0x0000000085600000| 68%| O|  |TAMS 0x00000000855ad6b8| PB 0x0000000085500000| Untracked 
|  42|0x0000000085600000, 0x00000000856fa690, 0x0000000085700000| 97%| O|  |TAMS 0x00000000856fa690| PB 0x0000000085600000| Untracked 
|  43|0x0000000085700000, 0x0000000085700000, 0x0000000085800000|  0%| F|  |TAMS 0x0000000085700000| PB 0x0000000085700000| Untracked 
|  44|0x0000000085800000, 0x0000000085800000, 0x0000000085900000|  0%| F|  |TAMS 0x0000000085800000| PB 0x0000000085800000| Untracked 
|  45|0x0000000085900000, 0x0000000085a00000, 0x0000000085a00000|100%| S|CS|TAMS 0x0000000085900000| PB 0x0000000085900000| Complete 
|  46|0x0000000085a00000, 0x0000000085b00000, 0x0000000085b00000|100%| S|CS|TAMS 0x0000000085a00000| PB 0x0000000085a00000| Complete 
|  47|0x0000000085b00000, 0x0000000085c00000, 0x0000000085c00000|100%| S|CS|TAMS 0x0000000085b00000| PB 0x0000000085b00000| Complete 
|  48|0x0000000085c00000, 0x0000000085c00000, 0x0000000085d00000|  0%| F|  |TAMS 0x0000000085c00000| PB 0x0000000085c00000| Untracked 
|  49|0x0000000085d00000, 0x0000000085d00000, 0x0000000085e00000|  0%| F|  |TAMS 0x0000000085d00000| PB 0x0000000085d00000| Untracked 
|  50|0x0000000085e00000, 0x0000000085e00000, 0x0000000085f00000|  0%| F|  |TAMS 0x0000000085e00000| PB 0x0000000085e00000| Untracked 
|  51|0x0000000085f00000, 0x0000000086000000, 0x0000000086000000|100%| S|CS|TAMS 0x0000000085f00000| PB 0x0000000085f00000| Complete 
|  52|0x0000000086000000, 0x0000000086100000, 0x0000000086100000|100%| S|CS|TAMS 0x0000000086000000| PB 0x0000000086000000| Complete 
|  53|0x0000000086100000, 0x0000000086100000, 0x0000000086200000|  0%| F|  |TAMS 0x0000000086100000| PB 0x0000000086100000| Untracked 
|  54|0x0000000086200000, 0x0000000086200000, 0x0000000086300000|  0%| F|  |TAMS 0x0000000086200000| PB 0x0000000086200000| Untracked 
|  55|0x0000000086300000, 0x0000000086300000, 0x0000000086400000|  0%| F|  |TAMS 0x0000000086300000| PB 0x0000000086300000| Untracked 
|  56|0x0000000086400000, 0x0000000086400000, 0x0000000086500000|  0%| F|  |TAMS 0x0000000086400000| PB 0x0000000086400000| Untracked 
|  57|0x0000000086500000, 0x0000000086500000, 0x0000000086600000|  0%| F|  |TAMS 0x0000000086500000| PB 0x0000000086500000| Untracked 
|  58|0x0000000086600000, 0x0000000086600000, 0x0000000086700000|  0%| F|  |TAMS 0x0000000086600000| PB 0x0000000086600000| Untracked 
|  59|0x0000000086700000, 0x0000000086700000, 0x0000000086800000|  0%| F|  |TAMS 0x0000000086700000| PB 0x0000000086700000| Untracked 
|  60|0x0000000086800000, 0x0000000086800000, 0x0000000086900000|  0%| F|  |TAMS 0x0000000086800000| PB 0x0000000086800000| Untracked 
|  61|0x0000000086900000, 0x0000000086900000, 0x0000000086a00000|  0%| F|  |TAMS 0x0000000086900000| PB 0x0000000086900000| Untracked 
|  62|0x0000000086a00000, 0x0000000086a00000, 0x0000000086b00000|  0%| F|  |TAMS 0x0000000086a00000| PB 0x0000000086a00000| Untracked 
|  63|0x0000000086b00000, 0x0000000086b00000, 0x0000000086c00000|  0%| F|  |TAMS 0x0000000086b00000| PB 0x0000000086b00000| Untracked 
|  64|0x0000000086c00000, 0x0000000086c00000, 0x0000000086d00000|  0%| F|  |TAMS 0x0000000086c00000| PB 0x0000000086c00000| Untracked 
|  65|0x0000000086d00000, 0x0000000086d00000, 0x0000000086e00000|  0%| F|  |TAMS 0x0000000086d00000| PB 0x0000000086d00000| Untracked 
|  66|0x0000000086e00000, 0x0000000086e00000, 0x0000000086f00000|  0%| F|  |TAMS 0x0000000086e00000| PB 0x0000000086e00000| Untracked 
|  67|0x0000000086f00000, 0x0000000086f00000, 0x0000000087000000|  0%| F|  |TAMS 0x0000000086f00000| PB 0x0000000086f00000| Untracked 
|  68|0x0000000087000000, 0x0000000087000000, 0x0000000087100000|  0%| F|  |TAMS 0x0000000087000000| PB 0x0000000087000000| Untracked 
|  69|0x0000000087100000, 0x0000000087100000, 0x0000000087200000|  0%| F|  |TAMS 0x0000000087100000| PB 0x0000000087100000| Untracked 
|  70|0x0000000087200000, 0x0000000087200000, 0x0000000087300000|  0%| F|  |TAMS 0x0000000087200000| PB 0x0000000087200000| Untracked 
|  71|0x0000000087300000, 0x0000000087300000, 0x0000000087400000|  0%| F|  |TAMS 0x0000000087300000| PB 0x0000000087300000| Untracked 
|  72|0x0000000087400000, 0x0000000087400000, 0x0000000087500000|  0%| F|  |TAMS 0x0000000087400000| PB 0x0000000087400000| Untracked 
|  73|0x0000000087500000, 0x0000000087500000, 0x0000000087600000|  0%| F|  |TAMS 0x0000000087500000| PB 0x0000000087500000| Untracked 
|  95|0x0000000088b00000, 0x0000000088b00000, 0x0000000088c00000|  0%| F|  |TAMS 0x0000000088b00000| PB 0x0000000088b00000| Untracked 
|  96|0x0000000088c00000, 0x0000000088c00000, 0x0000000088d00000|  0%| F|  |TAMS 0x0000000088c00000| PB 0x0000000088c00000| Untracked 
|  97|0x0000000088d00000, 0x0000000088d00000, 0x0000000088e00000|  0%| F|  |TAMS 0x0000000088d00000| PB 0x0000000088d00000| Untracked 
|  98|0x0000000088e00000, 0x0000000088e00000, 0x0000000088f00000|  0%| F|  |TAMS 0x0000000088e00000| PB 0x0000000088e00000| Untracked 
|  99|0x0000000088f00000, 0x0000000088f00000, 0x0000000089000000|  0%| F|  |TAMS 0x0000000088f00000| PB 0x0000000088f00000| Untracked 
| 100|0x0000000089000000, 0x0000000089000000, 0x0000000089100000|  0%| F|  |TAMS 0x0000000089000000| PB 0x0000000089000000| Untracked 
| 101|0x0000000089100000, 0x0000000089100000, 0x0000000089200000|  0%| F|  |TAMS 0x0000000089100000| PB 0x0000000089100000| Untracked 
| 124|0x000000008a800000, 0x000000008a800000, 0x000000008a900000|  0%| F|  |TAMS 0x000000008a800000| PB 0x000000008a800000| Untracked 
| 125|0x000000008a900000, 0x000000008a900000, 0x000000008aa00000|  0%| F|  |TAMS 0x000000008a900000| PB 0x000000008a900000| Untracked 
|2002|0x00000000ffe00000, 0x00000000ffe00000, 0x00000000fff00000|  0%| F|  |TAMS 0x00000000ffe00000| PB 0x00000000ffe00000| Untracked 
|2003|0x00000000fff00000, 0x00000000fff8cd40, 0x0000000100000000| 55%| E|  |TAMS 0x00000000fff00000| PB 0x00000000fff00000| Complete 

Card table byte_map: [0x00000123a0dc0000,0x00000123a11b0000] _byte_map_base: 0x00000123a09aa000

Marking Bits: (CMBitMap*) 0x000001238e84f0b0
 Bits: [0x00000123a11b0000, 0x00000123a3100000)

Polling page: 0x000001238c690000

Metaspace:

Usage:
  Non-class:     81.93 MB used.
      Class:     12.35 MB used.
       Both:     94.28 MB used.

Virtual space:
  Non-class space:      128.00 MB reserved,      82.62 MB ( 65%) committed,  2 nodes.
      Class space:        1.00 GB reserved,      12.94 MB (  1%) committed,  1 nodes.
             Both:        1.12 GB reserved,      95.56 MB (  8%) committed. 

Chunk freelists:
   Non-Class:  12.57 MB
       Class:  3.02 MB
        Both:  15.58 MB

MaxMetaspaceSize: unlimited
CompressedClassSpaceSize: 1.00 GB
Initial GC threshold: 21.00 MB
Current GC threshold: 158.25 MB
CDS: on
 - commit_granule_bytes: 65536.
 - commit_granule_words: 8192.
 - virtual_space_node_default_size: 8388608.
 - enlarge_chunks_in_place: 1.
 - use_allocation_guard: 0.


Internal statistics:

num_allocs_failed_limit: 8.
num_arena_births: 3202.
num_arena_deaths: 1130.
num_vsnodes_births: 3.
num_vsnodes_deaths: 0.
num_space_committed: 1529.
num_space_uncommitted: 0.
num_chunks_returned_to_freelist: 1405.
num_chunks_taken_from_freelist: 7663.
num_chunk_merges: 466.
num_chunk_splits: 4910.
num_chunks_enlarged: 3271.
num_inconsistent_stats: 0.

CodeHeap 'non-profiled nmethods': size=120000Kb used=9339Kb max_used=9339Kb free=110660Kb
 bounds [0x00000123994a0000, 0x0000012399dc0000, 0x00000123a09d0000]
CodeHeap 'profiled nmethods': size=120000Kb used=21742Kb max_used=21742Kb free=98257Kb
 bounds [0x00000123919d0000, 0x0000012392f10000, 0x0000012398f00000]
CodeHeap 'non-nmethods': size=5760Kb used=2237Kb max_used=2315Kb free=3522Kb
 bounds [0x0000012398f00000, 0x0000012399170000, 0x00000123994a0000]
CodeCache: size=245760Kb, used=33318Kb, max_used=33396Kb, free=212439Kb
 total_blobs=11078, nmethods=10200, adapters=782, full_count=0
Compilation: enabled, stopped_count=0, restarted_count=0

Compilation events (20 events):
Event: 2735.003 Thread 0x00000123a55ff100 nmethod 17149 0x0000012399db2a90 code [0x0000012399db2c20, 0x0000012399db2d30]
Event: 2735.003 Thread 0x00000123a55ff100 17150       1       org.hibernate.boot.model.internal.BasicValueBinder::setAccessType (6 bytes)
Event: 2735.003 Thread 0x00000123a55ff100 nmethod 17150 0x0000012399db2d90 code [0x0000012399db2f20, 0x0000012399db3030]
Event: 2735.003 Thread 0x00000123a55ff100 17151       1       org.hibernate.mapping.SimpleValue::setPartitionKey (6 bytes)
Event: 2735.004 Thread 0x00000123a55ff100 nmethod 17151 0x0000012399db3090 code [0x0000012399db3220, 0x0000012399db32f0]
Event: 2735.004 Thread 0x00000123a55ff100 17167       1       org.hibernate.type.descriptor.jdbc.TimestampJdbcType::getJdbcTypeCode (3 bytes)
Event: 2735.004 Thread 0x00000123a55ff100 nmethod 17167 0x0000012399db3390 code [0x0000012399db3520, 0x0000012399db35e8]
Event: 2735.005 Thread 0x00000123a55ff100 17168       1       org.hibernate.mapping.PersistentClass::isAbstract (5 bytes)
Event: 2735.006 Thread 0x00000123a55ff100 nmethod 17168 0x0000012399db3690 code [0x0000012399db3820, 0x0000012399db38e8]
Event: 2735.008 Thread 0x00000123a55ff100 17169       1       java.net.URLStreamHandler::getDefaultPort (2 bytes)
Event: 2735.008 Thread 0x00000123a55ff100 nmethod 17169 0x0000012399db3990 code [0x0000012399db3b20, 0x0000012399db3be8]
Event: 2735.020 Thread 0x00000123a55ff100 17170       3       net.bytebuddy.dynamic.ClassFileLocator$Resolution$Explicit::<init> (10 bytes)
Event: 2735.020 Thread 0x00000123a55ff100 nmethod 17170 0x0000012392f03390 code [0x0000012392f03540, 0x0000012392f036f8]
Event: 2735.050 Thread 0x00000123a55ff100 17171       3       org.hibernate.event.service.internal.EventListenerGroupImpl::handleListenerAddition (288 bytes)
Event: 2735.055 Thread 0x00000123a55ff100 nmethod 17171 0x0000012392f03790 code [0x0000012392f03c00, 0x0000012392f05ed8]
Event: 2735.055 Thread 0x00000123a55ff100 17172       3       org.hibernate.event.service.internal.EventListenerGroupImpl::internalAppend (78 bytes)
Event: 2735.057 Thread 0x00000123a55ff100 nmethod 17172 0x0000012392f06a10 code [0x0000012392f06d00, 0x0000012392f08098]
Event: 2735.161 Thread 0x00000123a55fbab0 17139       4       java.lang.AbstractStringBuilder::charAt (36 bytes)
Event: 2735.163 Thread 0x00000123a55fbab0 nmethod 17139 0x0000012399db3c90 code [0x0000012399db3e20, 0x0000012399db3f58]
Event: 2735.170 Thread 0x00000123a55fbab0 17173       4       org.hibernate.validator.internal.util.TypeHelper::resolveTypeForClassAndHierarchy (61 bytes)

GC Heap History (20 events):
Event: 1650.558 GC heap before
{Heap before GC invocations=69 (full 7):
 garbage-first heap   total 81920K, used 72147K [0x0000000082c00000, 0x0000000100000000)
  region size 1024K, 28 young (28672K), 3 survivors (3072K)
 Metaspace       used 94248K, committed 95744K, reserved 1179648K
  class space    used 12447K, committed 13120K, reserved 1048576K
}
Event: 1650.563 GC heap after
{Heap after GC invocations=70 (full 7):
 garbage-first heap   total 81920K, used 47209K [0x0000000082c00000, 0x0000000100000000)
  region size 1024K, 2 young (2048K), 2 survivors (2048K)
 Metaspace       used 94248K, committed 95744K, reserved 1179648K
  class space    used 12447K, committed 13120K, reserved 1048576K
}
Event: 2015.611 GC heap before
{Heap before GC invocations=70 (full 7):
 garbage-first heap   total 81920K, used 73833K [0x0000000082c00000, 0x0000000100000000)
  region size 1024K, 28 young (28672K), 2 survivors (2048K)
 Metaspace       used 94259K, committed 95744K, reserved 1179648K
  class space    used 12447K, committed 13120K, reserved 1048576K
}
Event: 2015.615 GC heap after
{Heap after GC invocations=71 (full 7):
 garbage-first heap   total 81920K, used 47158K [0x0000000082c00000, 0x0000000100000000)
  region size 1024K, 2 young (2048K), 2 survivors (2048K)
 Metaspace       used 94259K, committed 95744K, reserved 1179648K
  class space    used 12447K, committed 13120K, reserved 1048576K
}
Event: 2206.414 GC heap before
{Heap before GC invocations=72 (full 7):
 garbage-first heap   total 81920K, used 72758K [0x0000000082c00000, 0x0000000100000000)
  region size 1024K, 28 young (28672K), 2 survivors (2048K)
 Metaspace       used 93481K, committed 95744K, reserved 1179648K
  class space    used 12243K, committed 13120K, reserved 1048576K
}
Event: 2206.422 GC heap after
{Heap after GC invocations=73 (full 7):
 garbage-first heap   total 81920K, used 50774K [0x0000000082c00000, 0x0000000100000000)
  region size 1024K, 4 young (4096K), 4 survivors (4096K)
 Metaspace       used 93481K, committed 95744K, reserved 1179648K
  class space    used 12243K, committed 13120K, reserved 1048576K
}
Event: 2243.696 GC heap before
{Heap before GC invocations=73 (full 7):
 garbage-first heap   total 81920K, used 71254K [0x0000000082c00000, 0x0000000100000000)
  region size 1024K, 25 young (25600K), 4 survivors (4096K)
 Metaspace       used 94388K, committed 95808K, reserved 1179648K
  class space    used 12401K, committed 13120K, reserved 1048576K
}
Event: 2243.716 GC heap after
{Heap after GC invocations=74 (full 7):
 garbage-first heap   total 83968K, used 51016K [0x0000000082c00000, 0x0000000100000000)
  region size 1024K, 4 young (4096K), 4 survivors (4096K)
 Metaspace       used 94388K, committed 95808K, reserved 1179648K
  class space    used 12401K, committed 13120K, reserved 1048576K
}
Event: 2395.666 GC heap before
{Heap before GC invocations=74 (full 7):
 garbage-first heap   total 83968K, used 72520K [0x0000000082c00000, 0x0000000100000000)
  region size 1024K, 26 young (26624K), 4 survivors (4096K)
 Metaspace       used 95174K, committed 96448K, reserved 1179648K
  class space    used 12489K, committed 13120K, reserved 1048576K
}
Event: 2395.677 GC heap after
{Heap after GC invocations=75 (full 7):
 garbage-first heap   total 83968K, used 51599K [0x0000000082c00000, 0x0000000100000000)
  region size 1024K, 1 young (1024K), 1 survivors (1024K)
 Metaspace       used 95174K, committed 96448K, reserved 1179648K
  class space    used 12489K, committed 13120K, reserved 1048576K
}
Event: 2628.726 GC heap before
{Heap before GC invocations=76 (full 7):
 garbage-first heap   total 87040K, used 76175K [0x0000000082c00000, 0x0000000100000000)
  region size 1024K, 25 young (25600K), 1 survivors (1024K)
 Metaspace       used 95423K, committed 96704K, reserved 1179648K
  class space    used 12509K, committed 13120K, reserved 1048576K
}
Event: 2628.730 GC heap after
{Heap after GC invocations=77 (full 7):
 garbage-first heap   total 87040K, used 51533K [0x0000000082c00000, 0x0000000100000000)
  region size 1024K, 1 young (1024K), 1 survivors (1024K)
 Metaspace       used 95423K, committed 96704K, reserved 1179648K
  class space    used 12509K, committed 13120K, reserved 1048576K
}
Event: 2706.819 GC heap before
{Heap before GC invocations=77 (full 7):
 garbage-first heap   total 87040K, used 58701K [0x0000000082c00000, 0x0000000100000000)
  region size 1024K, 9 young (9216K), 1 survivors (1024K)
 Metaspace       used 95765K, committed 97024K, reserved 1179648K
  class space    used 12562K, committed 13120K, reserved 1048576K
}
Event: 2707.032 GC heap after
{Heap after GC invocations=78 (full 8):
 garbage-first heap   total 87040K, used 41824K [0x0000000082c00000, 0x0000000100000000)
  region size 1024K, 0 young (0K), 0 survivors (0K)
 Metaspace       used 95765K, committed 97024K, reserved 1179648K
  class space    used 12562K, committed 13120K, reserved 1048576K
}
Event: 2708.811 GC heap before
{Heap before GC invocations=78 (full 8):
 garbage-first heap   total 87040K, used 76640K [0x0000000082c00000, 0x0000000100000000)
  region size 1024K, 35 young (35840K), 0 survivors (0K)
 Metaspace       used 95829K, committed 97152K, reserved 1179648K
  class space    used 12568K, committed 13184K, reserved 1048576K
}
Event: 2708.820 GC heap after
{Heap after GC invocations=79 (full 8):
 garbage-first heap   total 87040K, used 45391K [0x0000000082c00000, 0x0000000100000000)
  region size 1024K, 4 young (4096K), 4 survivors (4096K)
 Metaspace       used 95829K, committed 97152K, reserved 1179648K
  class space    used 12568K, committed 13184K, reserved 1048576K
}
Event: 2714.150 GC heap before
{Heap before GC invocations=80 (full 8):
 garbage-first heap   total 87040K, used 75087K [0x0000000082c00000, 0x0000000100000000)
  region size 1024K, 34 young (34816K), 4 survivors (4096K)
 Metaspace       used 96208K, committed 97536K, reserved 1179648K
  class space    used 12625K, committed 13248K, reserved 1048576K
}
Event: 2714.158 GC heap after
{Heap after GC invocations=81 (full 8):
 garbage-first heap   total 87040K, used 45120K [0x0000000082c00000, 0x0000000100000000)
  region size 1024K, 3 young (3072K), 3 survivors (3072K)
 Metaspace       used 96208K, committed 97536K, reserved 1179648K
  class space    used 12625K, committed 13248K, reserved 1048576K
}
Event: 2729.854 GC heap before
{Heap before GC invocations=81 (full 8):
 garbage-first heap   total 87040K, used 75840K [0x0000000082c00000, 0x0000000100000000)
  region size 1024K, 34 young (34816K), 3 survivors (3072K)
 Metaspace       used 96346K, committed 97728K, reserved 1179648K
  class space    used 12638K, committed 13248K, reserved 1048576K
}
Event: 2729.860 GC heap after
{Heap after GC invocations=82 (full 8):
 garbage-first heap   total 87040K, used 45190K [0x0000000082c00000, 0x0000000100000000)
  region size 1024K, 3 young (3072K), 3 survivors (3072K)
 Metaspace       used 96346K, committed 97728K, reserved 1179648K
  class space    used 12638K, committed 13248K, reserved 1048576K
}

Dll operation events (11 events):
Event: 0.013 Loaded shared library C:\Users\cedry\.vscode\extensions\redhat.java-1.46.0-win32-x64\jre\21.0.8-win32-x86_64\bin\java.dll
Event: 0.054 Loaded shared library C:\Users\cedry\.vscode\extensions\redhat.java-1.46.0-win32-x64\jre\21.0.8-win32-x86_64\bin\zip.dll
Event: 0.307 Loaded shared library C:\Users\cedry\.vscode\extensions\redhat.java-1.46.0-win32-x64\jre\21.0.8-win32-x86_64\bin\net.dll
Event: 0.309 Loaded shared library C:\Users\cedry\.vscode\extensions\redhat.java-1.46.0-win32-x64\jre\21.0.8-win32-x86_64\bin\nio.dll
Event: 0.314 Loaded shared library C:\Users\cedry\.vscode\extensions\redhat.java-1.46.0-win32-x64\jre\21.0.8-win32-x86_64\bin\zip.dll
Event: 0.684 Loaded shared library C:\Users\cedry\.vscode\extensions\redhat.java-1.46.0-win32-x64\jre\21.0.8-win32-x86_64\bin\jimage.dll
Event: 1.286 Loaded shared library C:\Users\cedry\.vscode\extensions\redhat.java-1.46.0-win32-x64\jre\21.0.8-win32-x86_64\bin\management.dll
Event: 1.302 Loaded shared library C:\Users\cedry\.vscode\extensions\redhat.java-1.46.0-win32-x64\jre\21.0.8-win32-x86_64\bin\management_ext.dll
Event: 5.395 Loaded shared library C:\Users\cedry\.vscode\extensions\redhat.java-1.46.0-win32-x64\jre\21.0.8-win32-x86_64\bin\sunmscapi.dll
Event: 11.266 Loaded shared library C:\Users\cedry\.vscode\extensions\redhat.java-1.46.0-win32-x64\jre\21.0.8-win32-x86_64\bin\extnet.dll
Event: 13.146 Loaded shared library C:\Users\cedry\.vscode\extensions\redhat.java-1.46.0-win32-x64\jre\21.0.8-win32-x86_64\bin\verify.dll

Deoptimization events (20 events):
Event: 2735.060 Thread 0x00000123efe3ed20 DEOPT PACKING pc=0x00000123997495c8 sp=0x0000001b074fd270
Event: 2735.060 Thread 0x00000123efe3ed20 DEOPT UNPACKING pc=0x0000012398f54e23 sp=0x0000001b074fc730 mode 1
Event: 2735.064 Thread 0x00000123efe3ed20 DEOPT PACKING pc=0x00000123997495c8 sp=0x0000001b074fd270
Event: 2735.064 Thread 0x00000123efe3ed20 DEOPT UNPACKING pc=0x0000012398f54e23 sp=0x0000001b074fc730 mode 1
Event: 2735.161 Thread 0x00000123efe3ed20 DEOPT PACKING pc=0x00000123997495c8 sp=0x0000001b074fcf30
Event: 2735.161 Thread 0x00000123efe3ed20 DEOPT UNPACKING pc=0x0000012398f54e23 sp=0x0000001b074fc3f0 mode 1
Event: 2735.167 Thread 0x00000123efe3ed20 DEOPT PACKING pc=0x00000123997495c8 sp=0x0000001b074fcb10
Event: 2735.167 Thread 0x00000123efe3ed20 DEOPT UNPACKING pc=0x0000012398f54e23 sp=0x0000001b074fbfd0 mode 1
Event: 2735.169 Thread 0x00000123efe3ed20 DEOPT PACKING pc=0x0000012392d3a299 sp=0x0000001b074fce40
Event: 2735.169 Thread 0x00000123efe3ed20 DEOPT UNPACKING pc=0x0000012398f54e23 sp=0x0000001b074fc298 mode 1
Event: 2735.169 Thread 0x00000123efe3ed20 DEOPT PACKING pc=0x0000012399545874 sp=0x0000001b074fced0
Event: 2735.169 Thread 0x00000123efe3ed20 DEOPT UNPACKING pc=0x0000012398f54e23 sp=0x0000001b074fc358 mode 1
Event: 2735.169 Thread 0x00000123efe3ed20 DEOPT PACKING pc=0x00000123996adf50 sp=0x0000001b074fd930
Event: 2735.169 Thread 0x00000123efe3ed20 DEOPT UNPACKING pc=0x0000012398f54e23 sp=0x0000001b074fcd40 mode 1
Event: 2735.169 Thread 0x00000123efe3ed20 DEOPT PACKING pc=0x0000012392d3a299 sp=0x0000001b074fce40
Event: 2735.169 Thread 0x00000123efe3ed20 DEOPT UNPACKING pc=0x0000012398f54e23 sp=0x0000001b074fc298 mode 1
Event: 2735.169 Thread 0x00000123efe3ed20 DEOPT PACKING pc=0x0000012399545874 sp=0x0000001b074fced0
Event: 2735.169 Thread 0x00000123efe3ed20 DEOPT UNPACKING pc=0x0000012398f54e23 sp=0x0000001b074fc358 mode 1
Event: 2735.169 Thread 0x00000123efe3ed20 DEOPT PACKING pc=0x00000123996adf50 sp=0x0000001b074fd930
Event: 2735.169 Thread 0x00000123efe3ed20 DEOPT UNPACKING pc=0x0000012398f54e23 sp=0x0000001b074fcd40 mode 1

Classes loaded (20 events):
Event: 2629.436 Loading class java/util/stream/ReduceOps$7
Event: 2629.436 Loading class java/util/stream/ReduceOps$7 done
Event: 2629.437 Loading class java/util/stream/ReduceOps$6ReducingSink
Event: 2629.437 Loading class java/util/stream/ReduceOps$6ReducingSink done
Event: 2629.437 Loading class java/util/stream/ReferencePipeline$4$1
Event: 2629.437 Loading class java/util/stream/ReferencePipeline$4$1 done
Event: 2629.523 Loading class java/lang/Throwable$WrappedPrintWriter
Event: 2629.527 Loading class java/lang/Throwable$PrintStreamOrWriter
Event: 2629.528 Loading class java/lang/Throwable$PrintStreamOrWriter done
Event: 2629.528 Loading class java/lang/Throwable$WrappedPrintWriter done
Event: 2706.485 Loading class java/io/ObjectStreamClass$1
Event: 2706.486 Loading class java/io/ObjectStreamClass$1 done
Event: 2706.486 Loading class java/io/ObjectStreamClass$MemberSignature
Event: 2706.486 Loading class java/io/ObjectStreamClass$MemberSignature done
Event: 2706.486 Loading class java/io/ObjectStreamClass$3
Event: 2706.487 Loading class java/io/ObjectStreamClass$3 done
Event: 2706.488 Loading class java/io/ObjectStreamClass$4
Event: 2706.488 Loading class java/io/ObjectStreamClass$4 done
Event: 2706.488 Loading class java/io/ObjectStreamClass$5
Event: 2706.488 Loading class java/io/ObjectStreamClass$5 done

Classes unloaded (20 events):
Event: 2015.723 Thread 0x00000123a55d09b0 Unloading class 0x00000123a7015800 'java/lang/invoke/LambdaForm$MH+0x00000123a7015800'
Event: 2015.723 Thread 0x00000123a55d09b0 Unloading class 0x00000123a7014c00 'java/lang/invoke/LambdaForm$MH+0x00000123a7014c00'
Event: 2015.723 Thread 0x00000123a55d09b0 Unloading class 0x00000123a7014400 'java/lang/invoke/LambdaForm$MH+0x00000123a7014400'
Event: 2395.802 Thread 0x00000123a55d09b0 Unloading class 0x00000123a7cd9c00 'jdk/internal/reflect/GeneratedSerializationConstructorAccessor28'
Event: 2395.802 Thread 0x00000123a55d09b0 Unloading class 0x00000123a7cd8800 'jdk/internal/reflect/GeneratedSerializationConstructorAccessor27'
Event: 2395.802 Thread 0x00000123a55d09b0 Unloading class 0x00000123a7b0d800 'java/lang/invoke/LambdaForm$MH+0x00000123a7b0d800'
Event: 2395.802 Thread 0x00000123a55d09b0 Unloading class 0x00000123a783e400 'java/lang/invoke/LambdaForm$MH+0x00000123a783e400'
Event: 2395.802 Thread 0x00000123a55d09b0 Unloading class 0x00000123a783d800 'java/lang/invoke/LambdaForm$MH+0x00000123a783d800'
Event: 2395.802 Thread 0x00000123a55d09b0 Unloading class 0x00000123a783d400 'java/lang/invoke/LambdaForm$MH+0x00000123a783d400'
Event: 2395.802 Thread 0x00000123a55d09b0 Unloading class 0x00000123a783d000 'java/lang/invoke/LambdaForm$MH+0x00000123a783d000'
Event: 2395.802 Thread 0x00000123a55d09b0 Unloading class 0x00000123a783c800 'java/lang/invoke/LambdaForm$MH+0x00000123a783c800'
Event: 2395.802 Thread 0x00000123a55d09b0 Unloading class 0x00000123a783c000 'java/lang/invoke/LambdaForm$MH+0x00000123a783c000'
Event: 2395.802 Thread 0x00000123a55d09b0 Unloading class 0x00000123a74dd000 'java/lang/invoke/LambdaForm$MH+0x00000123a74dd000'
Event: 2395.802 Thread 0x00000123a55d09b0 Unloading class 0x00000123a74dc800 'java/lang/invoke/LambdaForm$MH+0x00000123a74dc800'
Event: 2395.802 Thread 0x00000123a55d09b0 Unloading class 0x00000123a74dc400 'java/lang/invoke/LambdaForm$MH+0x00000123a74dc400'
Event: 2395.802 Thread 0x00000123a55d09b0 Unloading class 0x00000123a74dc000 'java/lang/invoke/LambdaForm$MH+0x00000123a74dc000'
Event: 2395.802 Thread 0x00000123a55d09b0 Unloading class 0x00000123a712d800 'java/lang/invoke/LambdaForm$MH+0x00000123a712d800'
Event: 2395.802 Thread 0x00000123a55d09b0 Unloading class 0x00000123a712c400 'java/lang/invoke/LambdaForm$MH+0x00000123a712c400'
Event: 2395.802 Thread 0x00000123a55d09b0 Unloading class 0x00000123a712c000 'java/lang/invoke/LambdaForm$MH+0x00000123a712c000'
Event: 2395.802 Thread 0x00000123a55d09b0 Unloading class 0x00000123a70d8400 'java/lang/invoke/LambdaForm$MH+0x00000123a70d8400'

Classes redefined (0 events):
No events

Internal exceptions (20 events):
Event: 2708.391 Thread 0x00000123efe44270 Exception <a 'java/lang/NoClassDefFoundError'{0x0000000086746200}: org/springframework/session/jdbc/JdbcIndexedSessionRepository> (0x0000000086746200) 
thrown [s\src\hotspot\share\oops\constantPool.cpp, line 873]
Event: 2708.594 Thread 0x00000123efe44270 Exception <a 'java/io/FileNotFoundException'{0x0000000086120f80}> (0x0000000086120f80) 
thrown [s\src\hotspot\share\prims\jni.cpp, line 520]
Event: 2708.856 Thread 0x00000123efe3ed20 Exception <a 'java/lang/InterruptedException'{0x00000000fff635d0}: sleep interrupted> (0x00000000fff635d0) 
thrown [s\src\hotspot\share\prims\jvm.cpp, line 3074]
Event: 2709.077 Thread 0x00000123efe44270 Exception <a 'java/lang/NoClassDefFoundError'{0x00000000ffffa9b0}: liquibase/exception/ChangeLogParseException> (0x00000000ffffa9b0) 
thrown [s\src\hotspot\share\classfile\systemDictionary.cpp, line 301]
Event: 2712.548 Thread 0x00000123efe3ed20 Exception <a 'sun/nio/fs/WindowsException'{0x000000008a935000}> (0x000000008a935000) 
thrown [s\src\hotspot\share\prims\jni.cpp, line 520]
Event: 2714.161 Thread 0x00000123efe3ed20 Exception <a 'java/lang/NoClassDefFoundError'{0x00000000fff281b8}: liquibase/integration/spring/SpringLiquibase> (0x00000000fff281b8) 
thrown [s\src\hotspot\share\oops\constantPool.cpp, line 873]
Event: 2714.165 Thread 0x00000123efe3ed20 Exception <a 'java/lang/NoClassDefFoundError'{0x00000000fff46b50}: org/jooq/DSLContext> (0x00000000fff46b50) 
thrown [s\src\hotspot\share\oops\constantPool.cpp, line 873]
Event: 2714.169 Thread 0x00000123efe3ed20 Exception <a 'java/lang/NoClassDefFoundError'{0x00000000fff88d60}: org/springframework/batch/core/repository/JobRepository> (0x00000000fff88d60) 
thrown [s\src\hotspot\share\oops\constantPool.cpp, line 873]
Event: 2714.169 Thread 0x00000123efe3ed20 Exception <a 'java/lang/NoClassDefFoundError'{0x00000000fff893b8}: org/quartz/Scheduler> (0x00000000fff893b8) 
thrown [s\src\hotspot\share\oops\constantPool.cpp, line 873]
Event: 2714.169 Thread 0x00000123efe3ed20 Exception <a 'java/lang/NoClassDefFoundError'{0x00000000fff89a38}: org/springframework/session/jdbc/JdbcIndexedSessionRepository> (0x00000000fff89a38) 
thrown [s\src\hotspot\share\oops\constantPool.cpp, line 873]
Event: 2714.510 Thread 0x00000123efe3ed20 Exception <a 'java/io/FileNotFoundException'{0x0000000088f94220}> (0x0000000088f94220) 
thrown [s\src\hotspot\share\prims\jni.cpp, line 520]
Event: 2714.842 Thread 0x00000123efe44270 Exception <a 'java/lang/InterruptedException'{0x0000000088ba09f0}: sleep interrupted> (0x0000000088ba09f0) 
thrown [s\src\hotspot\share\prims\jvm.cpp, line 3074]
Event: 2714.887 Thread 0x00000123efe3ed20 Exception <a 'java/lang/NoClassDefFoundError'{0x0000000088b7ef40}: liquibase/exception/ChangeLogParseException> (0x0000000088b7ef40) 
thrown [s\src\hotspot\share\classfile\systemDictionary.cpp, line 301]
Event: 2728.608 Thread 0x00000123efe3ed20 Exception <a 'sun/nio/fs/WindowsException'{0x000000008746fc08}> (0x000000008746fc08) 
thrown [s\src\hotspot\share\prims\jni.cpp, line 520]
Event: 2730.511 Thread 0x00000123efe3ed20 Exception <a 'java/lang/NoClassDefFoundError'{0x0000000088cecbf8}: liquibase/integration/spring/SpringLiquibase> (0x0000000088cecbf8) 
thrown [s\src\hotspot\share\oops\constantPool.cpp, line 873]
Event: 2730.520 Thread 0x00000123efe3ed20 Exception <a 'java/lang/NoClassDefFoundError'{0x0000000088b0bad8}: org/jooq/DSLContext> (0x0000000088b0bad8) 
thrown [s\src\hotspot\share\oops\constantPool.cpp, line 873]
Event: 2730.530 Thread 0x00000123efe3ed20 Exception <a 'java/lang/NoClassDefFoundError'{0x0000000088b4e820}: org/springframework/batch/core/repository/JobRepository> (0x0000000088b4e820) 
thrown [s\src\hotspot\share\oops\constantPool.cpp, line 873]
Event: 2730.530 Thread 0x00000123efe3ed20 Exception <a 'java/lang/NoClassDefFoundError'{0x0000000088b4ee78}: org/quartz/Scheduler> (0x0000000088b4ee78) 
thrown [s\src\hotspot\share\oops\constantPool.cpp, line 873]
Event: 2730.530 Thread 0x00000123efe3ed20 Exception <a 'java/lang/NoClassDefFoundError'{0x0000000088b4f4f8}: org/springframework/session/jdbc/JdbcIndexedSessionRepository> (0x0000000088b4f4f8) 
thrown [s\src\hotspot\share\oops\constantPool.cpp, line 873]
Event: 2730.890 Thread 0x00000123efe3ed20 Exception <a 'java/io/FileNotFoundException'{0x000000008703ce80}> (0x000000008703ce80) 
thrown [s\src\hotspot\share\prims\jni.cpp, line 520]

ZGC Phase Switch (0 events):
No events

VM Operations (20 events):
Event: 2713.107 Executing VM operation: Cleanup
Event: 2713.107 Executing VM operation: Cleanup done
Event: 2714.114 Executing VM operation: Cleanup
Event: 2714.115 Executing VM operation: Cleanup done
Event: 2714.150 Executing VM operation: G1CollectForAllocation (G1 Evacuation Pause)
Event: 2714.158 Executing VM operation: G1CollectForAllocation (G1 Evacuation Pause) done
Event: 2716.146 Executing VM operation: Cleanup
Event: 2716.146 Executing VM operation: Cleanup done
Event: 2729.285 Executing VM operation: Cleanup
Event: 2729.285 Executing VM operation: Cleanup done
Event: 2729.854 Executing VM operation: G1CollectForAllocation (G1 Evacuation Pause)
Event: 2729.860 Executing VM operation: G1CollectForAllocation (G1 Evacuation Pause) done
Event: 2730.862 Executing VM operation: Cleanup
Event: 2730.862 Executing VM operation: Cleanup done
Event: 2731.867 Executing VM operation: Cleanup
Event: 2731.907 Executing VM operation: Cleanup done
Event: 2732.913 Executing VM operation: Cleanup
Event: 2733.010 Executing VM operation: Cleanup done
Event: 2734.018 Executing VM operation: Cleanup
Event: 2734.640 Executing VM operation: Cleanup done

Memory protections (0 events):
No events

Nmethod flushes (20 events):
Event: 2709.009 Thread 0x00000123a55d09b0 flushing  nmethod 0x0000012392a77990
Event: 2709.009 Thread 0x00000123a55d09b0 flushing  nmethod 0x0000012392c2d610
Event: 2709.009 Thread 0x00000123a55d09b0 flushing  nmethod 0x0000012392c37f90
Event: 2709.009 Thread 0x00000123a55d09b0 flushing  nmethod 0x0000012392c39390
Event: 2709.009 Thread 0x00000123a55d09b0 flushing  nmethod 0x0000012392cf3910
Event: 2709.009 Thread 0x00000123a55d09b0 flushing  nmethod 0x0000012392cf4390
Event: 2709.009 Thread 0x00000123a55d09b0 flushing  nmethod 0x0000012399ce3990
Event: 2709.009 Thread 0x00000123a55d09b0 flushing  nmethod 0x0000012399d72f10
Event: 2709.009 Thread 0x00000123a55d09b0 flushing  nmethod 0x0000012391cb9c90
Event: 2709.009 Thread 0x00000123a55d09b0 flushing  nmethod 0x0000012391fcc610
Event: 2709.009 Thread 0x00000123a55d09b0 flushing  nmethod 0x00000123926eb290
Event: 2709.009 Thread 0x00000123a55d09b0 flushing  nmethod 0x00000123926f4690
Event: 2709.009 Thread 0x00000123a55d09b0 flushing  nmethod 0x00000123927cbd10
Event: 2709.009 Thread 0x00000123a55d09b0 flushing  nmethod 0x000001239283c910
Event: 2709.009 Thread 0x00000123a55d09b0 flushing  nmethod 0x0000012392b5f410
Event: 2709.009 Thread 0x00000123a55d09b0 flushing  nmethod 0x0000012392b98f90
Event: 2709.009 Thread 0x00000123a55d09b0 flushing  nmethod 0x0000012392c1ea90
Event: 2709.009 Thread 0x00000123a55d09b0 flushing  nmethod 0x0000012392c20d10
Event: 2709.009 Thread 0x00000123a55d09b0 flushing  nmethod 0x0000012392c21d90
Event: 2709.009 Thread 0x00000123a55d09b0 flushing  nmethod 0x0000012392c24690

Events (20 events):
Event: 2709.137 Thread 0x00000123efe3fa40 Thread added: 0x00000123efe43be0
Event: 2712.519 Thread 0x00000123efe3fa40 Thread added: 0x00000123efe3ed20
Event: 2713.443 Thread 0x00000123efe3ed20 Thread added: 0x00000123efe41b10
Event: 2713.536 Thread 0x00000123efe41b10 Thread exited: 0x00000123efe41b10
Event: 2714.619 Thread 0x00000123efe3ed20 Thread added: 0x00000123efe44900
Event: 2714.620 Thread 0x00000123efe3ed20 Thread added: 0x00000123efe45cb0
Event: 2714.620 Thread 0x00000123efe3ed20 Thread added: 0x00000123efe44270
Event: 2714.843 Thread 0x00000123efe44270 Thread exited: 0x00000123efe44270
Event: 2714.913 Thread 0x00000123efe3ed20 Thread exited: 0x00000123efe3ed20
Event: 2714.915 Thread 0x00000123efe3fa40 Thread added: 0x00000123efe44f90
Event: 2714.956 Thread 0x00000123efe44900 Thread exited: 0x00000123efe44900
Event: 2714.957 Thread 0x00000123efe45cb0 Thread exited: 0x00000123efe45cb0
Event: 2728.391 Thread 0x00000123efe3fa40 Thread added: 0x00000123efe3ed20
Event: 2729.161 Thread 0x00000123efe3ed20 Thread added: 0x00000123efe421a0
Event: 2729.365 Thread 0x00000123efe421a0 Thread exited: 0x00000123efe421a0
Event: 2731.306 Thread 0x00000123efe3ed20 Thread added: 0x00000123efe44270
Event: 2731.306 Thread 0x00000123efe3ed20 Thread added: 0x00000123efe41480
Event: 2731.306 Thread 0x00000123efe3ed20 Thread added: 0x00000123efe42ec0
Event: 2732.176 Thread 0x00000123efe3ed20 Thread added: 0x00000123efe44900
Event: 2732.390 Thread 0x00000123efe44900 Thread added: 0x00000123efe43550


Dynamic libraries:
0x00007ff70c890000 - 0x00007ff70c89e000 	C:\Users\cedry\.vscode\extensions\redhat.java-1.46.0-win32-x64\jre\21.0.8-win32-x86_64\bin\java.exe
0x00007ffb1f730000 - 0x00007ffb1f947000 	C:\WINDOWS\SYSTEM32\ntdll.dll
0x00007ffb1e840000 - 0x00007ffb1e904000 	C:\WINDOWS\System32\KERNEL32.DLL
0x00007ffb1cbd0000 - 0x00007ffb1cfa2000 	C:\WINDOWS\System32\KERNELBASE.dll
0x00007ffb1d2a0000 - 0x00007ffb1d3b1000 	C:\WINDOWS\System32\ucrtbase.dll
0x00007ffaf7f80000 - 0x00007ffaf7f98000 	C:\Users\cedry\.vscode\extensions\redhat.java-1.46.0-win32-x64\jre\21.0.8-win32-x86_64\bin\jli.dll
0x00007ffb1f100000 - 0x00007ffb1f2b1000 	C:\WINDOWS\System32\USER32.dll
0x00007ffb1ca30000 - 0x00007ffb1ca56000 	C:\WINDOWS\System32\win32u.dll
0x00007ffb1e5b0000 - 0x00007ffb1e5d9000 	C:\WINDOWS\System32\GDI32.dll
0x00007ffb1cfb0000 - 0x00007ffb1d0d3000 	C:\WINDOWS\System32\gdi32full.dll
0x00007ffb1c850000 - 0x00007ffb1c8ea000 	C:\WINDOWS\System32\msvcp_win.dll
0x00007ffaf7ea0000 - 0x00007ffaf7ebe000 	C:\Users\cedry\.vscode\extensions\redhat.java-1.46.0-win32-x64\jre\21.0.8-win32-x86_64\bin\VCRUNTIME140.dll
0x00007ffb09480000 - 0x00007ffb0971b000 	C:\WINDOWS\WinSxS\amd64_microsoft.windows.common-controls_6595b64144ccf1df_6.0.22621.5547_none_27104afb73855772\COMCTL32.dll
0x00007ffb1e910000 - 0x00007ffb1e9b7000 	C:\WINDOWS\System32\msvcrt.dll
0x00007ffb1e570000 - 0x00007ffb1e5a1000 	C:\WINDOWS\System32\IMM32.DLL
0x00007ffb15c60000 - 0x00007ffb15c6c000 	C:\Users\cedry\.vscode\extensions\redhat.java-1.46.0-win32-x64\jre\21.0.8-win32-x86_64\bin\vcruntime140_1.dll
0x00007ffaf1f90000 - 0x00007ffaf201d000 	C:\Users\cedry\.vscode\extensions\redhat.java-1.46.0-win32-x64\jre\21.0.8-win32-x86_64\bin\msvcp140.dll
0x00007ffa65e10000 - 0x00007ffa66ba7000 	C:\Users\cedry\.vscode\extensions\redhat.java-1.46.0-win32-x64\jre\21.0.8-win32-x86_64\bin\server\jvm.dll
0x00007ffb1e200000 - 0x00007ffb1e2b1000 	C:\WINDOWS\System32\ADVAPI32.dll
0x00007ffb1e2c0000 - 0x00007ffb1e368000 	C:\WINDOWS\System32\sechost.dll
0x00007ffb1c820000 - 0x00007ffb1c848000 	C:\WINDOWS\System32\bcrypt.dll
0x00007ffb1ead0000 - 0x00007ffb1ebe4000 	C:\WINDOWS\System32\RPCRT4.dll
0x00007ffb1d870000 - 0x00007ffb1d8e1000 	C:\WINDOWS\System32\WS2_32.dll
0x00007ffb1c6f0000 - 0x00007ffb1c73d000 	C:\WINDOWS\SYSTEM32\POWRPROF.dll
0x00007ffb18700000 - 0x00007ffb18734000 	C:\WINDOWS\SYSTEM32\WINMM.dll
0x00007ffb18160000 - 0x00007ffb1816a000 	C:\WINDOWS\SYSTEM32\VERSION.dll
0x00007ffb1c6d0000 - 0x00007ffb1c6e3000 	C:\WINDOWS\SYSTEM32\UMPDC.dll
0x00007ffb1b850000 - 0x00007ffb1b868000 	C:\WINDOWS\SYSTEM32\kernel.appcore.dll
0x00007ffb15700000 - 0x00007ffb1570a000 	C:\Users\cedry\.vscode\extensions\redhat.java-1.46.0-win32-x64\jre\21.0.8-win32-x86_64\bin\jimage.dll
0x00007ffb1a2a0000 - 0x00007ffb1a4d3000 	C:\WINDOWS\SYSTEM32\DBGHELP.DLL
0x00007ffb1d4d0000 - 0x00007ffb1d863000 	C:\WINDOWS\System32\combase.dll
0x00007ffb1f560000 - 0x00007ffb1f637000 	C:\WINDOWS\System32\OLEAUT32.dll
0x00007ffaff240000 - 0x00007ffaff272000 	C:\WINDOWS\SYSTEM32\dbgcore.DLL
0x00007ffb1d1a0000 - 0x00007ffb1d21b000 	C:\WINDOWS\System32\bcryptPrimitives.dll
0x00007ffaf2750000 - 0x00007ffaf278c000 	C:\Users\cedry\.vscode\extensions\redhat.java-1.46.0-win32-x64\jre\21.0.8-win32-x86_64\bin\jdwp.dll
0x00007ffaf44e0000 - 0x00007ffaf44ff000 	C:\Users\cedry\.vscode\extensions\redhat.java-1.46.0-win32-x64\jre\21.0.8-win32-x86_64\bin\java.dll
0x00007ffb1d900000 - 0x00007ffb1e1a2000 	C:\WINDOWS\System32\SHELL32.dll
0x00007ffb1c8f0000 - 0x00007ffb1ca2f000 	C:\WINDOWS\System32\wintypes.dll
0x00007ffb1a750000 - 0x00007ffb1b06d000 	C:\WINDOWS\SYSTEM32\windows.storage.dll
0x00007ffb1d3c0000 - 0x00007ffb1d4cc000 	C:\WINDOWS\System32\SHCORE.dll
0x00007ffb1ec00000 - 0x00007ffb1ec69000 	C:\WINDOWS\System32\shlwapi.dll
0x00007ffb1c750000 - 0x00007ffb1c77b000 	C:\WINDOWS\SYSTEM32\profapi.dll
0x00007ffaf4440000 - 0x00007ffaf4458000 	C:\Users\cedry\.vscode\extensions\redhat.java-1.46.0-win32-x64\jre\21.0.8-win32-x86_64\bin\zip.dll
0x00007ffafd450000 - 0x00007ffafd45b000 	C:\Users\cedry\.vscode\extensions\redhat.java-1.46.0-win32-x64\jre\21.0.8-win32-x86_64\bin\dt_socket.dll
0x00007ffb1b2d0000 - 0x00007ffb1b2fd000 	C:\WINDOWS\SYSTEM32\IPHLPAPI.DLL
0x00007ffb1bcd0000 - 0x00007ffb1bd39000 	C:\WINDOWS\system32\mswsock.dll
0x00007ffb1b340000 - 0x00007ffb1b438000 	C:\WINDOWS\SYSTEM32\DNSAPI.dll
0x00007ffb1ebf0000 - 0x00007ffb1ebf9000 	C:\WINDOWS\System32\NSI.dll
0x00007ffb09450000 - 0x00007ffb0945a000 	C:\Windows\System32\rasadhlp.dll
0x00007ffb15130000 - 0x00007ffb151b4000 	C:\WINDOWS\System32\fwpuclnt.dll
0x00007ffaf8630000 - 0x00007ffaf8640000 	C:\Users\cedry\.vscode\extensions\redhat.java-1.46.0-win32-x64\jre\21.0.8-win32-x86_64\bin\net.dll
0x00007ffb177d0000 - 0x00007ffb178fc000 	C:\WINDOWS\SYSTEM32\WINHTTP.dll
0x00007ffaf2730000 - 0x00007ffaf2746000 	C:\Users\cedry\.vscode\extensions\redhat.java-1.46.0-win32-x64\jre\21.0.8-win32-x86_64\bin\nio.dll
0x00007ffaf7e90000 - 0x00007ffaf7e9a000 	C:\Users\cedry\.vscode\extensions\redhat.java-1.46.0-win32-x64\jre\21.0.8-win32-x86_64\bin\management.dll
0x00007ffaf44d0000 - 0x00007ffaf44db000 	C:\Users\cedry\.vscode\extensions\redhat.java-1.46.0-win32-x64\jre\21.0.8-win32-x86_64\bin\management_ext.dll
0x00007ffb1ec70000 - 0x00007ffb1ec78000 	C:\WINDOWS\System32\PSAPI.DLL
0x00007ffaf2720000 - 0x00007ffaf272e000 	C:\Users\cedry\.vscode\extensions\redhat.java-1.46.0-win32-x64\jre\21.0.8-win32-x86_64\bin\sunmscapi.dll
0x00007ffb1ca60000 - 0x00007ffb1cbc7000 	C:\WINDOWS\System32\CRYPT32.dll
0x00007ffb1c0e0000 - 0x00007ffb1c10d000 	C:\WINDOWS\SYSTEM32\ncrypt.dll
0x00007ffb1c0a0000 - 0x00007ffb1c0d7000 	C:\WINDOWS\SYSTEM32\NTASN1.dll
0x00007ffb1bf20000 - 0x00007ffb1bf3b000 	C:\WINDOWS\SYSTEM32\CRYPTSP.dll
0x00007ffb1b7b0000 - 0x00007ffb1b7e7000 	C:\WINDOWS\system32\rsaenh.dll
0x00007ffb1bdc0000 - 0x00007ffb1bde8000 	C:\WINDOWS\SYSTEM32\USERENV.dll
0x00007ffb1bf40000 - 0x00007ffb1bf4c000 	C:\WINDOWS\SYSTEM32\CRYPTBASE.dll
0x00007ffaf26b0000 - 0x00007ffaf26b9000 	C:\Users\cedry\.vscode\extensions\redhat.java-1.46.0-win32-x64\jre\21.0.8-win32-x86_64\bin\extnet.dll
0x00007ffaf26c0000 - 0x00007ffaf26d0000 	C:\Users\cedry\.vscode\extensions\redhat.java-1.46.0-win32-x64\jre\21.0.8-win32-x86_64\bin\verify.dll
0x00007ffaa9e50000 - 0x00007ffaa9e58000 	C:\WINDOWS\system32\wshunix.dll

JVMTI agents:
jdwp path:C:\Users\cedry\.vscode\extensions\redhat.java-1.46.0-win32-x64\jre\21.0.8-win32-x86_64\bin\jdwp.dll, loaded, initialized, options:transport=dt_socket,server=n,suspend=y,address=localhost:58431

dbghelp: loaded successfully - version: 4.0.5 - missing functions: none
symbol engine: initialized successfully - sym options: 0x614 - pdb path: .;C:\Users\cedry\.vscode\extensions\redhat.java-1.46.0-win32-x64\jre\21.0.8-win32-x86_64\bin;C:\WINDOWS\SYSTEM32;C:\WINDOWS\WinSxS\amd64_microsoft.windows.common-controls_6595b64144ccf1df_6.0.22621.5547_none_27104afb73855772;C:\Users\cedry\.vscode\extensions\redhat.java-1.46.0-win32-x64\jre\21.0.8-win32-x86_64\bin\server

VM Arguments:
jvm_args: -agentlib:jdwp=transport=dt_socket,server=n,suspend=y,address=localhost:58431 -XX:+ShowCodeDetailsInExceptionMessages 
java_command: be.iccbxl.pid.reservations_springboot.ReservationsSpringbootApplication
java_class_path (initial): C:\Users\cedry\OneDrive\Documenten\Cours\PID\reservationsSpringboot2025\target\classes;C:\Users\cedry\.m2\repository\org\springframework\boot\spring-boot-starter-security\3.5.6\spring-boot-starter-security-3.5.6.jar;C:\Users\cedry\.m2\repository\org\springframework\boot\spring-boot-starter\3.5.6\spring-boot-starter-3.5.6.jar;C:\Users\cedry\.m2\repository\org\springframework\boot\spring-boot-starter-logging\3.5.6\spring-boot-starter-logging-3.5.6.jar;C:\Users\cedry\.m2\repository\ch\qos\logback\logback-classic\1.5.18\logback-classic-1.5.18.jar;C:\Users\cedry\.m2\repository\ch\qos\logback\logback-core\1.5.18\logback-core-1.5.18.jar;C:\Users\cedry\.m2\repository\org\apache\logging\log4j\log4j-to-slf4j\2.24.3\log4j-to-slf4j-2.24.3.jar;C:\Users\cedry\.m2\repository\org\apache\logging\log4j\log4j-api\2.24.3\log4j-api-2.24.3.jar;C:\Users\cedry\.m2\repository\org\slf4j\jul-to-slf4j\2.0.17\jul-to-slf4j-2.0.17.jar;C:\Users\cedry\.m2\repository\jakarta\annotation\jakarta.annotation-api\2.1.1\jakarta.annotation-api-2.1.1.jar;C:\Users\cedry\.m2\repository\org\yaml\snakeyaml\2.4\snakeyaml-2.4.jar;C:\Users\cedry\.m2\repository\org\springframework\spring-aop\6.2.11\spring-aop-6.2.11.jar;C:\Users\cedry\.m2\repository\org\springframework\spring-beans\6.2.11\spring-beans-6.2.11.jar;C:\Users\cedry\.m2\repository\org\springframework\security\spring-security-config\6.5.5\spring-security-config-6.5.5.jar;C:\Users\cedry\.m2\repository\org\springframework\security\spring-security-core\6.5.5\spring-security-core-6.5.5.jar;C:\Users\cedry\.m2\repository\org\springframework\security\spring-security-crypto\6.5.5\spring-security-crypto-6.5.5.jar;C:\Users\cedry\.m2\repository\org\springframework\spring-context\6.2.11\spring-context-6.2.11.jar;C:\Users\cedry\.m2\repository\org\springframework\security\spring-security-web\6.5.5\spring-security-web-6.5.5.jar;C:\Users\cedry\.m2\repository\org\springframework\spring-expression\6.2.11\spring-expression-6.2.11.jar;C:\Users\cedry\.m2\repository\org\thymeleaf\extras\thymeleaf-extras-springsecurity6\3.1.3.RELEASE\thymeleaf-extras-springsecurity6-3.1.3.RELEASE.jar;C:\Users\cedry\.m2\repository\org\thymeleaf\thymeleaf-spring6\3.1.3.RELEASE\thymeleaf-spring6-3.1.3.RELEASE.jar;C:\Users\cedry\.m2\repository\org\slf4j\slf4j-api\2.0.17\slf4j-api-2.0.17.jar;C:\Users\cedry\.m2\repository\org\springframework\boot\spring-boot-starter-data-jpa\3.5.6\spring-boot-starter-data-jpa-3.5.6.jar;C:\Users\cedry\.m2\repository\org\springframework\boot\spring-boot-starter-jdbc\3.5.6\spring-boot-starter-jdbc-3.5.6.jar;C:\Users\cedry\.m2\repository\com\zaxxer\HikariCP\6.3.3\HikariCP-6.3.3.jar;C:\Users\cedry\.m2\repository\org\springframework\spring-jdbc\6.2.11\spring-jdbc-6.2.11.jar;C:\Users\cedry\.m2\repository\org\hibernate\orm\hibernate-core\6.6.29.Final\hibernate-core-6.6.29.Final.jar;C:\Users\cedry\.m2\repository\jakarta\persistence\jakarta.persistence-api\3.1.0\jakarta.persistence-api-3.1.0.jar;C:\Users\cedry\.m2\repository\jakarta\transaction\jakarta.transaction-api\2.0.1\jakarta.transaction-api-2.0.1.jar;C:\Users\cedry\.m2\repository\org\jboss\logging\jboss-logging\3.6.1.Final\jboss-logging-3.6.1.Final.jar;C:\Users\cedry\.m2\repository\org\hibernate\common\hibernate-commons-annotations\7.0.3.Final\hibernate-commons-annotations-7.0.3.Final.jar;C:\Users\cedry\.m2\repository\io\smallrye\jandex\3.2.0\jandex-3.2.0.jar;C:\Users\cedry\.m2\repository\com\fasterxml\classmate\1.7.0\classmate-1.7.0.jar;C:\Users\cedry\.m2\repository\net\bytebuddy\byte-buddy\1.17.7\byte-buddy-1.17.7.jar;C:\Users\cedry\.m2\repository\org\glassfish\jaxb\jaxb-runtime\4.0.5\jaxb-runtime-4.0.5.jar;C:\Users\cedry\.m2\repository\org\glassfish\jaxb\jaxb-core\4.0.5\jaxb-core-4.0.5.jar;C:\Users\cedry\.m2\repository\org\glassfish\jaxb\txw2\4.0.5\txw2-4.0.5.jar;C:\Users\cedry\.m2\repository\com\sun\istack\istack-commons-runtime\4.1.2\istack-commons-runtime-4.1.2.jar;C:\Users\cedry\.m2\repository\jakarta\inject\jakarta.inject-api\2.0.1\jakarta.inject-api-2.0.1.jar;C:\Users\cedry\.m2\repository\org\antlr\antlr4-runtime\4.13.0\antlr4-runtime-4.13.0.jar;C:\Users\cedry\.m2\repository\org\springframework\data\spring-data-jpa\3.5.4\spring-data-jpa-3.5.4.jar;C:\Users\cedry\.m2\repository\org\springframework\data\spring-data-commons\3.5.4\spring-data-commons-3.5.4.jar;C:\Users\cedry\.m2\repository\org\springframework\spring-orm\6.2.11\spring-orm-6.2.11.jar;C:\Users\cedry\.m2\repository\org\springframework\spring-tx\6.2.11\spring-tx-6.2.11.jar;C:\Users\cedry\.m2\repository\org\springframework\spring-aspects\6.2.11\spring-aspects-6.2.11.jar;C:\Users\cedry\.m2\repository\org\aspectj\aspectjweaver\1.9.24\aspectjweaver-1.9.24.jar;C:\Users\cedry\.m2\repository\org\springframework\boot\spring-boot-starter-thymeleaf\3.5.6\spring-boot-starter-thymeleaf-3.5.6.jar;C:\Users\cedry\.m2\repository\nz\net\ultraq\thymeleaf\thymeleaf-layout-dialect\3.4.0\thymeleaf-layout-dialect-3.4.0.jar;C:\Users\cedry\.m2\repository\org\apache\groovy\groovy\4.0.28\groovy-4.0.28.jar;C:\Users\cedry\.m2\repository\nz\net\ultraq\groovy\groovy-extensions\2.3.3\groovy-extensions-2.3.3.jar;C:\Users\cedry\.m2\repository\nz\net\ultraq\thymeleaf\thymeleaf-expression-processor\3.2.0\thymeleaf-expression-processor-3.2.0.jar;C:\Users\cedry\.m2\repository\org\thymeleaf\thymeleaf\3.1.3.RELEASE\thymeleaf-3.1.3.RELEASE.jar;C:\Users\cedry\.m2\repository\ognl\ognl\3.3.4\ognl-3.3.4.jar;C:\Users\cedry\.m2\repository\org\javassist\javassist\3.29.0-GA\javassist-3.29.0-GA.jar;C:\Users\cedry\.m2\repository\org\attoparser\attoparser\2.0.7.RELEASE\attoparser-2.0.7.RELEASE.jar;C:\Users\cedry\.m2\repository\org\unbescape\unbescape\1.1.6.RELEASE\unbescape-1.1.6.RELEASE.jar;C:\Users\cedry\.m2\repository\org\springframework\boot\spring-boot-starter-web\3.5.6\spring-boot-starter-web-3.5.6.jar;C:\Users\cedry\.m2\repository\org\springframework\boot\spring-boot-starter-json\3.5.6\spring-boot-starter-json-3.5.6.jar;C:\Users\cedry\.m2\repository\com\fasterxml\jackson\datatype\jackson-datatype-jdk8\2.19.2\jackson-datatype-jdk8-2.19.2.jar;C:\Users\cedry\.m2\repository\com\fasterxml\jackson\datatype\jackson-datatype-jsr310\2.19.2\jackson-datatype-jsr310-2.19.2.jar;C:\Users\cedry\.m2\repository\com\fasterxml\jackson\module\jackson-module-parameter-names\2.19.2\jackson-module-parameter-names-2.19.2.jar;C:\Users\cedry\.m2\repository\org\springframework\boot\spring-boot-starter-tomcat\3.5.6\spring-boot-starter-tomcat-3.5.6.jar;C:\Users\cedry\.m2\repository\org\apache\tomcat\embed\tomcat-embed-core\10.1.46\tomcat-embed-core-10.1.46.jar;C:\Users\cedry\.m2\repository\org\apache\tomcat\embed\tomcat-embed-websocket\10.1.46\tomcat-embed-websocket-10.1.46.jar;C:\Users\cedry\.m2\repository\org\springframework\spring-web\6.2.11\spring-web-6.2.11.jar;C:\Users\cedry\.m2\repository\io\micrometer\micrometer-observation\1.15.4\micrometer-observation-1.15.4.jar;C:\Users\cedry\.m2\repository\io\micrometer\micrometer-commons\1.15.4\micrometer-commons-1.15.4.jar;C:\Users\cedry\.m2\repository\org\springframework\spring-webmvc\6.2.11\spring-webmvc-6.2.11.jar;C:\Users\cedry\.m2\repository\org\springframework\boot\spring-boot-starter-mail\3.5.6\spring-boot-starter-mail-3.5.6.jar;C:\Users\cedry\.m2\repository\org\springframework\spring-context-support\6.2.11\spring-context-support-6.2.11.jar;C:\Users\cedry\.m2\repository\org\eclipse\angus\jakarta.mail\2.0.4\jakarta.mail-2.0.4.jar;C:\Users\cedry\.m2\repository\jakarta\activation\jakarta.activation-api\2.1.4\jakarta.activation-api-2.1.4.jar;C:\Users\cedry\.m2\repository\org\eclipse\angus\angus-activation\2.0.2\angus-activation-2.0.2.jar;C:\Users\cedry\.m2\repository\org\flywaydb\flyway-core\11.14.1\flyway-core-11.14.1.jar;C:\Users\cedry\.m2\repository\com\fasterxml\jackson\core\jackson-databind\2.19.2\jackson-databind-2.19.2.jar;C:\Users\cedry\.m2\repository\com\fasterxml\jackson\core\jackson-annotations\2.19.2\jackson-annotations-2.19.2.jar;C:\Users\cedry\.m2\repository\com\fasterxml\jackson\core\jackson-core\2.19.2\jackson-core-2.19.2.jar;C:\Users\cedry\.m2\repository\org\flywaydb\flyway-mysql\11.14.1\flyway-mysql-11.14.1.jar;C:\Users\cedry\.m2\repository\org\springframework\boot\spring-boot-devtools\3.5.6\spring-boot-devtools-3.5.6.jar;C:\Users\cedry\.m2\repository\org\springframework\boot\spring-boot\3.5.6\spring-boot-3.5.6.jar;C:\Users\cedry\.m2\repository\org\springframework\boot\spring-boot-autoconfigure\3.5.6\spring-boot-autoconfigure-3.5.6.jar;C:\Users\cedry\.m2\repository\com\mysql\mysql-connector-j\9.4.0\mysql-connector-j-9.4.0.jar;C:\Users\cedry\.m2\repository\org\projectlombok\lombok\1.18.40\lombok-1.18.40.jar;C:\Users\cedry\.m2\repository\jakarta\xml\bind\jakarta.xml.bind-api\4.0.2\jakarta.xml.bind-api-4.0.2.jar;C:\Users\cedry\.m2\repository\org\springframework\spring-core\6.2.11\spring-core-6.2.11.jar;C:\Users\cedry\.m2\repository\org\springframework\spring-jcl\6.2.11\spring-jcl-6.2.11.jar;C:\Users\cedry\.m2\repository\org\mariadb\jdbc\mariadb-java-client\3.5.6\mariadb-java-client-3.5.6.jar;C:\Users\cedry\.m2\repository\org\springframework\boot\spring-boot-starter-validation\3.5.6\spring-boot-starter-validation-3.5.6.jar;C:\Users\cedry\.m2\repository\org\apache\tomcat\embed\tomcat-embed-el\10.1.46\tomcat-embed-el-10.1.46.jar;C:\Users\cedry\.m2\repository\org\hibernate\validator\hibernate-validator\8.0.3.Final\hibernate-validator-8.0.3.Final.jar;C:\Users\cedry\.m2\repository\jakarta\validation\jakarta.validation-api\3.0.2\jakarta.validation-api-3.0.2.jar
Launcher Type: SUN_STANDARD

[Global flags]
     intx CICompilerCount                          = 3                                         {product} {ergonomic}
     uint ConcGCThreads                            = 1                                         {product} {ergonomic}
     uint G1ConcRefinementThreads                  = 4                                         {product} {ergonomic}
   size_t G1HeapRegionSize                         = 1048576                                   {product} {ergonomic}
    uintx GCDrainStackTargetSize                   = 64                                        {product} {ergonomic}
   size_t InitialHeapSize                          = 132120576                                 {product} {ergonomic}
   size_t MarkStackSize                            = 4194304                                   {product} {ergonomic}
   size_t MaxHeapSize                              = 2101346304                                {product} {ergonomic}
   size_t MaxNewSize                               = 1260388352                                {product} {ergonomic}
   size_t MinHeapDeltaBytes                        = 1048576                                   {product} {ergonomic}
   size_t MinHeapSize                              = 8388608                                   {product} {ergonomic}
    uintx NonNMethodCodeHeapSize                   = 5832780                                {pd product} {ergonomic}
    uintx NonProfiledCodeHeapSize                  = 122912730                              {pd product} {ergonomic}
    uintx ProfiledCodeHeapSize                     = 122912730                              {pd product} {ergonomic}
    uintx ReservedCodeCacheSize                    = 251658240                              {pd product} {ergonomic}
     bool SegmentedCodeCache                       = true                                      {product} {ergonomic}
     bool ShowCodeDetailsInExceptionMessages       = true                                   {manageable} {command line}
   size_t SoftMaxHeapSize                          = 2101346304                             {manageable} {ergonomic}
     bool UseCompressedOops                        = true                           {product lp64_product} {ergonomic}
     bool UseG1GC                                  = true                                      {product} {ergonomic}
     bool UseLargePagesIndividualAllocation        = false                                  {pd product} {ergonomic}

Logging:
Log output configuration:
 #0: stdout all=warning uptime,level,tags foldmultilines=false
 #1: stderr all=off uptime,level,tags foldmultilines=false

Environment Variables:
PATH=C:\Program Files\Eclipse Adoptium\jdk-21.0.5.11-hotspot\bin;C:\Program Files (x86)\Intel\TXE Components\iCLS\;C:\Program Files\Intel\TXE Components\iCLS\;C:\WINDOWS\system32;C:\WINDOWS;C:\WINDOWS\System32\Wbem;C:\WINDOWS\System32\WindowsPowerShell\v1.0\;C:\WINDOWS\System32\OpenSSH\;C:\Program Files\Intel\TXE Components\DAL\;C:\Program Files (x86)\Intel\TXE Components\DAL\;C:\Program Files\Intel\TXE Components\IPT\;C:\Program Files (x86)\Intel\TXE Components\IPT\;C:\Program Files\Git\cmd;C:\ProgramData\ComposerSetup\bin;C:\Program Files\nodejs\;C:\Users\cedry\AppData\Local\Programs\Python\Python311\Scripts;C:\Users\cedry\AppData\Local\Programs\Python\Python311\;C:\Users\cedry\AppData\Local\Microsoft\WindowsApps;C:\Program Files\Git;c:\xampp\php;C:\Users\cedry\AppData\Local\Programs\Microsoft VS Code\bin;C:\Users\cedry\Downloads\UniServerZ\core\mysql\bin;C:\Users\cedry\AppData\Roaming\Composer\vendor\bin;C:\Users\cedry\AppData\Roaming\npm
USERNAME=cedry
LANG=en_US.UTF-8
OS=Windows_NT
PROCESSOR_IDENTIFIER=Intel64 Family 6 Model 122 Stepping 8, GenuineIntel
TMP=C:\Users\cedry\AppData\Local\Temp
TEMP=C:\Users\cedry\AppData\Local\Temp




Periodic native trim disabled

---------------  S Y S T E M  ---------------

OS:
 Windows 11 , 64 bit Build 22621 (10.0.22621.5415)
OS uptime: 4 days 16:21 hours

CPU: total 4 (initial active 4) (4 cores per cpu, 1 threads per core) family 6 model 122 stepping 8 microcode 0x18, cx8, cmov, fxsr, mmx, 3dnowpref, sse, sse2, sse3, ssse3, sse4.1, sse4.2, popcnt, tsc, tscinvbit, aes, erms, clmul, sha, clflush, clflushopt, rdtscp, rdpid
Processor Information for the first 4 processors :
  Max Mhz: 1101, Current Mhz: 1101, Mhz Limit: 1101

Memory: 4k page, system-wide physical 8015M (232M free)
TotalPageFile size 18976M (AvailPageFile size 0M)
current process WorkingSet (physical memory assigned to process): 302M, peak: 340M
current process commit charge ("private bytes"): 359M, peak: 391M

vm_info: OpenJDK 64-Bit Server VM (21.0.8+9-LTS) for windows-amd64 JRE (21.0.8+9-LTS), built on 2025-07-15T00:00:00Z by "admin" with MS VC++ 17.7 (VS2022)

END.
